<?xml version="1.0" encoding="UTF-8"?>
<!-- Generated by org.testng.reporters.JUnitXMLReporter -->
<testsuite ignored="0" hostname="DESKTOP-BC18UH3" failures="3" tests="5" name="Test" time="116.757" errors="0" timestamp="2022-09-27T20:34:39 IST">
  <testcase classname="test_cases.Login_Test_2" name="loginDDT" time="24.741"/>
  <testcase classname="test_cases.Login_Test_2" name="loginDDT" time="18.035">
    <failure type="java.lang.AssertionError" message="expected [true] but found [false]">
      <![CDATA[java.lang.AssertionError: expected [true] but found [false]
at test_cases.Login_Test_2.loginDDT(Login_Test_2.java:38)
at java.base/java.util.ArrayList.forEach(ArrayList.java:1511)
... Removed 31 stack frames]]>
    </failure>
  </testcase> <!-- loginDDT -->
  <testcase classname="test_cases.Login_Test_2" name="loginDDT" time="19.21">
    <failure type="java.lang.AssertionError" message="expected [true] but found [false]">
      <![CDATA[java.lang.AssertionError: expected [true] but found [false]
at test_cases.Login_Test_2.loginDDT(Login_Test_2.java:38)
at java.base/java.util.ArrayList.forEach(ArrayList.java:1511)
... Removed 31 stack frames]]>
    </failure>
  </testcase> <!-- loginDDT -->
  <testcase classname="test_cases.Login_Test_2" name="loginDDT" time="24.345"/>
  <testcase classname="test_cases.Login_Test_2" name="loginDDT" time="15.872">
    <failure type="java.lang.AssertionError" message="expected [true] but found [false]">
      <![CDATA[java.lang.AssertionError: expected [true] but found [false]
at test_cases.Login_Test_2.loginDDT(Login_Test_2.java:38)
at java.base/java.util.ArrayList.forEach(ArrayList.java:1511)
... Removed 31 stack frames]]>
    </failure>
  </testcase> <!-- loginDDT -->
</testsuite> <!-- Test -->
